# JRE version: OpenJDK Runtime Environment (8.0_131-b11) (build 1.8.0_131-8u131-b11-2ubuntu1.16.04.3-b11)
# Java VM: OpenJDK 64-Bit Server VM (25.131-b11 mixed mode linux-amd64 compressed oops)
Heap:
 PSYoungGen      total 207360K, used 4603K [0x00000000ebb00000, 0x00000000f8a00000, 0x0000000100000000)
  eden space 202752K, 0% used [0x00000000ebb00000,0x00000000ebb00000,0x00000000f8100000)
  from space 4608K, 99% used [0x00000000f8100000,0x00000000f857ed20,0x00000000f8580000)
  to   space 4608K, 0% used [0x00000000f8580000,0x00000000f8580000,0x00000000f8a00000)
 ParOldGen       total 42496K, used 12866K [0x00000000c3000000, 0x00000000c5980000, 0x00000000ebb00000)
  object space 42496K, 30% used [0x00000000c3000000,0x00000000c3c90a78,0x00000000c5980000)
 Metaspace       used 17921K, capacity 18240K, committed 18432K, reserved 1064960K
  class space    used 2356K, capacity 2456K, committed 2560K, reserved 1048576K
GC Heap History (10 events):
Event: 0,915 GC heap after
Heap after GC invocations=6 (full 0):
 PSYoungGen      total 67584K, used 1632K [0x00000000ebb00000, 0x00000000f0100000, 0x0000000100000000)
  eden space 63488K, 0% used [0x00000000ebb00000,0x00000000ebb00000,0x00000000ef900000)
  from space 4096K, 39% used [0x00000000efd00000,0x00000000efe98040,0x00000000f0100000)
  to   space 4096K, 0% used [0x00000000ef900000,0x00000000ef900000,0x00000000efd00000)
 ParOldGen       total 42496K, used 1463K [0x00000000c3000000, 0x00000000c5980000, 0x00000000ebb00000)
  object space 42496K, 3% used [0x00000000c3000000,0x00000000c316dd08,0x00000000c5980000)
 Metaspace       used 9863K, capacity 10038K, committed 10240K, reserved 1058816K
  class space    used 1376K, capacity 1471K, committed 1536K, reserved 1048576K
}
Event: 0,932 GC heap before
{Heap before GC invocations=7 (full 0):
 PSYoungGen      total 67584K, used 65120K [0x00000000ebb00000, 0x00000000f0100000, 0x0000000100000000)
  eden space 63488K, 100% used [0x00000000ebb00000,0x00000000ef900000,0x00000000ef900000)
  from space 4096K, 39% used [0x00000000efd00000,0x00000000efe98040,0x00000000f0100000)
  to   space 4096K, 0% used [0x00000000ef900000,0x00000000ef900000,0x00000000efd00000)
 ParOldGen       total 42496K, used 1463K [0x00000000c3000000, 0x00000000c5980000, 0x00000000ebb00000)
  object space 42496K, 3% used [0x00000000c3000000,0x00000000c316dd08,0x00000000c5980000)
 Metaspace       used 9863K, capacity 10038K, committed 10240K, reserved 1058816K
  class space    used 1376K, capacity 1471K, committed 1536K, reserved 1048576K
Event: 0,938 GC heap after
Heap after GC invocations=7 (full 0):
 PSYoungGen      total 67584K, used 32K [0x00000000ebb00000, 0x00000000f3f00000, 0x0000000100000000)
  eden space 63488K, 0% used [0x00000000ebb00000,0x00000000ebb00000,0x00000000ef900000)
  from space 4096K, 0% used [0x00000000ef900000,0x00000000ef908000,0x00000000efd00000)
  to   space 4096K, 0% used [0x00000000f3b00000,0x00000000f3b00000,0x00000000f3f00000)
 ParOldGen       total 42496K, used 3048K [0x00000000c3000000, 0x00000000c5980000, 0x00000000ebb00000)
  object space 42496K, 7% used [0x00000000c3000000,0x00000000c32fa340,0x00000000c5980000)
 Metaspace       used 9863K, capacity 10038K, committed 10240K, reserved 1058816K
  class space    used 1376K, capacity 1471K, committed 1536K, reserved 1048576K
}
Event: 0,947 GC heap before
{Heap before GC invocations=8 (full 0):
 PSYoungGen      total 67584K, used 63520K [0x00000000ebb00000, 0x00000000f3f00000, 0x0000000100000000)
  eden space 63488K, 100% used [0x00000000ebb00000,0x00000000ef900000,0x00000000ef900000)
  from space 4096K, 0% used [0x00000000ef900000,0x00000000ef908000,0x00000000efd00000)
  to   space 4096K, 0% used [0x00000000f3b00000,0x00000000f3b00000,0x00000000f3f00000)
 ParOldGen       total 42496K, used 3048K [0x00000000c3000000, 0x00000000c5980000, 0x00000000ebb00000)
  object space 42496K, 7% used [0x00000000c3000000,0x00000000c32fa340,0x00000000c5980000)
 Metaspace       used 9863K, capacity 10038K, committed 10240K, reserved 1058816K
  class space    used 1376K, capacity 1471K, committed 1536K, reserved 1048576K
Event: 0,948 GC heap after
Heap after GC invocations=8 (full 0):
 PSYoungGen      total 130560K, used 32K [0x00000000ebb00000, 0x00000000f4000000, 0x0000000100000000)
  eden space 126464K, 0% used [0x00000000ebb00000,0x00000000ebb00000,0x00000000f3680000)
  from space 4096K, 0% used [0x00000000f3b00000,0x00000000f3b08000,0x00000000f3f00000)
  to   space 4608K, 0% used [0x00000000f3680000,0x00000000f3680000,0x00000000f3b00000)
 ParOldGen       total 42496K, used 3048K [0x00000000c3000000, 0x00000000c5980000, 0x00000000ebb00000)
  object space 42496K, 7% used [0x00000000c3000000,0x00000000c32fa340,0x00000000c5980000)
 Metaspace       used 9863K, capacity 10038K, committed 10240K, reserved 1058816K
  class space    used 1376K, capacity 1471K, committed 1536K, reserved 1048576K
}
Event: 1,023 GC heap before
{Heap before GC invocations=9 (full 0):
 PSYoungGen      total 130560K, used 126496K [0x00000000ebb00000, 0x00000000f4000000, 0x0000000100000000)
  eden space 126464K, 100% used [0x00000000ebb00000,0x00000000f3680000,0x00000000f3680000)
  from space 4096K, 0% used [0x00000000f3b00000,0x00000000f3b08000,0x00000000f3f00000)
  to   space 4608K, 0% used [0x00000000f3680000,0x00000000f3680000,0x00000000f3b00000)
 ParOldGen       total 42496K, used 3048K [0x00000000c3000000, 0x00000000c5980000, 0x00000000ebb00000)
  object space 42496K, 7% used [0x00000000c3000000,0x00000000c32fa340,0x00000000c5980000)
 Metaspace       used 9863K, capacity 10038K, committed 10240K, reserved 1058816K
  class space    used 1376K, capacity 1471K, committed 1536K, reserved 1048576K
Event: 1,024 GC heap after
Heap after GC invocations=9 (full 0):
 PSYoungGen      total 131072K, used 32K [0x00000000ebb00000, 0x00000000f8a00000, 0x0000000100000000)
  eden space 126464K, 0% used [0x00000000ebb00000,0x00000000ebb00000,0x00000000f3680000)
  from space 4608K, 0% used [0x00000000f3680000,0x00000000f3688000,0x00000000f3b00000)
  to   space 4608K, 0% used [0x00000000f8580000,0x00000000f8580000,0x00000000f8a00000)
 ParOldGen       total 42496K, used 3056K [0x00000000c3000000, 0x00000000c5980000, 0x00000000ebb00000)
  object space 42496K, 7% used [0x00000000c3000000,0x00000000c32fc340,0x00000000c5980000)
 Metaspace       used 9863K, capacity 10038K, committed 10240K, reserved 1058816K
  class space    used 1376K, capacity 1471K, committed 1536K, reserved 1048576K
}
Event: 1,045 GC heap before
{Heap before GC invocations=10 (full 0):
 PSYoungGen      total 131072K, used 126496K [0x00000000ebb00000, 0x00000000f8a00000, 0x0000000100000000)
  eden space 126464K, 100% used [0x00000000ebb00000,0x00000000f3680000,0x00000000f3680000)
  from space 4608K, 0% used [0x00000000f3680000,0x00000000f3688000,0x00000000f3b00000)
  to   space 4608K, 0% used [0x00000000f8580000,0x00000000f8580000,0x00000000f8a00000)
 ParOldGen       total 42496K, used 3056K [0x00000000c3000000, 0x00000000c5980000, 0x00000000ebb00000)
  object space 42496K, 7% used [0x00000000c3000000,0x00000000c32fc340,0x00000000c5980000)
 Metaspace       used 9863K, capacity 10038K, committed 10240K, reserved 1058816K
  class space    used 1376K, capacity 1471K, committed 1536K, reserved 1048576K
Event: 1,045 GC heap after
Heap after GC invocations=10 (full 0):
 PSYoungGen      total 207360K, used 62K [0x00000000ebb00000, 0x00000000f8a00000, 0x0000000100000000)
  eden space 202752K, 0% used [0x00000000ebb00000,0x00000000ebb00000,0x00000000f8100000)
  from space 4608K, 1% used [0x00000000f8580000,0x00000000f858f960,0x00000000f8a00000)
  to   space 4608K, 0% used [0x00000000f8100000,0x00000000f8100000,0x00000000f8580000)
 ParOldGen       total 42496K, used 3056K [0x00000000c3000000, 0x00000000c5980000, 0x00000000ebb00000)
  object space 42496K, 7% used [0x00000000c3000000,0x00000000c32fc340,0x00000000c5980000)
 Metaspace       used 9863K, capacity 10038K, committed 10240K, reserved 1058816K
  class space    used 1376K, capacity 1471K, committed 1536K, reserved 1048576K
}
Event: 2,202 GC heap before
{Heap before GC invocations=11 (full 0):
 PSYoungGen      total 207360K, used 202814K [0x00000000ebb00000, 0x00000000f8a00000, 0x0000000100000000)
  eden space 202752K, 100% used [0x00000000ebb00000,0x00000000f8100000,0x00000000f8100000)
  from space 4608K, 1% used [0x00000000f8580000,0x00000000f858f960,0x00000000f8a00000)
  to   space 4608K, 0% used [0x00000000f8100000,0x00000000f8100000,0x00000000f8580000)
 ParOldGen       total 42496K, used 3056K [0x00000000c3000000, 0x00000000c5980000, 0x00000000ebb00000)
  object space 42496K, 7% used [0x00000000c3000000,0x00000000c32fc340,0x00000000c5980000)
 Metaspace       used 17921K, capacity 18240K, committed 18432K, reserved 1064960K
  class space    used 2356K, capacity 2456K, committed 2560K, reserved 1048576K

