# JRE version: OpenJDK Runtime Environment (8.0_131-b11) (build 1.8.0_131-8u131-b11-2ubuntu1.16.04.3-b11)
# Java VM: OpenJDK 64-Bit Server VM (25.131-b11 mixed mode linux-amd64 compressed oops)
Heap:
 PSYoungGen      total 66048K, used 1632K [0x00000000ebb00000, 0x00000000efe00000, 0x0000000100000000)
  eden space 63488K, 0% used [0x00000000ebb00000,0x00000000ebb00000,0x00000000ef900000)
  from space 2560K, 63% used [0x00000000ef900000,0x00000000efa98040,0x00000000efb80000)
  to   space 2560K, 0% used [0x00000000efb80000,0x00000000efb80000,0x00000000efe00000)
 ParOldGen       total 42496K, used 1512K [0x00000000c3000000, 0x00000000c5980000, 0x00000000ebb00000)
  object space 42496K, 3% used [0x00000000c3000000,0x00000000c317a3d0,0x00000000c5980000)
 Metaspace       used 9881K, capacity 10098K, committed 10240K, reserved 1058816K
  class space    used 1377K, capacity 1471K, committed 1536K, reserved 1048576K
GC Heap History (9 events):
Event: 0,579 GC heap before
{Heap before GC invocations=1 (full 0):
 PSYoungGen      total 18432K, used 15856K [0x00000000ebb00000, 0x00000000ecf80000, 0x0000000100000000)
  eden space 15872K, 99% used [0x00000000ebb00000,0x00000000eca7c010,0x00000000eca80000)
  from space 2560K, 0% used [0x00000000ecd00000,0x00000000ecd00000,0x00000000ecf80000)
  to   space 2560K, 0% used [0x00000000eca80000,0x00000000eca80000,0x00000000ecd00000)
 ParOldGen       total 42496K, used 0K [0x00000000c3000000, 0x00000000c5980000, 0x00000000ebb00000)
  object space 42496K, 0% used [0x00000000c3000000,0x00000000c3000000,0x00000000c5980000)
 Metaspace       used 5330K, capacity 6552K, committed 6784K, reserved 1056768K
  class space    used 725K, capacity 776K, committed 896K, reserved 1048576K
Event: 0,590 GC heap after
Heap after GC invocations=1 (full 0):
 PSYoungGen      total 18432K, used 2541K [0x00000000ebb00000, 0x00000000edf00000, 0x0000000100000000)
  eden space 15872K, 0% used [0x00000000ebb00000,0x00000000ebb00000,0x00000000eca80000)
  from space 2560K, 99% used [0x00000000eca80000,0x00000000eccfb660,0x00000000ecd00000)
  to   space 2560K, 0% used [0x00000000edc80000,0x00000000edc80000,0x00000000edf00000)
 ParOldGen       total 42496K, used 480K [0x00000000c3000000, 0x00000000c5980000, 0x00000000ebb00000)
  object space 42496K, 1% used [0x00000000c3000000,0x00000000c3078198,0x00000000c5980000)
 Metaspace       used 5330K, capacity 6552K, committed 6784K, reserved 1056768K
  class space    used 725K, capacity 776K, committed 896K, reserved 1048576K
}
Event: 0,977 GC heap before
{Heap before GC invocations=2 (full 0):
 PSYoungGen      total 18432K, used 18413K [0x00000000ebb00000, 0x00000000edf00000, 0x0000000100000000)
  eden space 15872K, 100% used [0x00000000ebb00000,0x00000000eca80000,0x00000000eca80000)
  from space 2560K, 99% used [0x00000000eca80000,0x00000000eccfb660,0x00000000ecd00000)
  to   space 2560K, 0% used [0x00000000edc80000,0x00000000edc80000,0x00000000edf00000)
 ParOldGen       total 42496K, used 480K [0x00000000c3000000, 0x00000000c5980000, 0x00000000ebb00000)
  object space 42496K, 1% used [0x00000000c3000000,0x00000000c3078198,0x00000000c5980000)
 Metaspace       used 9879K, capacity 10034K, committed 10240K, reserved 1058816K
  class space    used 1377K, capacity 1471K, committed 1536K, reserved 1048576K
Event: 0,980 GC heap after
Heap after GC invocations=2 (full 0):
 PSYoungGen      total 34304K, used 2557K [0x00000000ebb00000, 0x00000000edf00000, 0x0000000100000000)
  eden space 31744K, 0% used [0x00000000ebb00000,0x00000000ebb00000,0x00000000eda00000)
  from space 2560K, 99% used [0x00000000edc80000,0x00000000edeff728,0x00000000edf00000)
  to   space 2560K, 0% used [0x00000000eda00000,0x00000000eda00000,0x00000000edc80000)
 ParOldGen       total 42496K, used 1440K [0x00000000c3000000, 0x00000000c5980000, 0x00000000ebb00000)
  object space 42496K, 3% used [0x00000000c3000000,0x00000000c31683c0,0x00000000c5980000)
 Metaspace       used 9879K, capacity 10034K, committed 10240K, reserved 1058816K
  class space    used 1377K, capacity 1471K, committed 1536K, reserved 1048576K
}
Event: 0,991 GC heap before
{Heap before GC invocations=3 (full 0):
 PSYoungGen      total 34304K, used 34301K [0x00000000ebb00000, 0x00000000edf00000, 0x0000000100000000)
  eden space 31744K, 100% used [0x00000000ebb00000,0x00000000eda00000,0x00000000eda00000)
  from space 2560K, 99% used [0x00000000edc80000,0x00000000edeff728,0x00000000edf00000)
  to   space 2560K, 0% used [0x00000000eda00000,0x00000000eda00000,0x00000000edc80000)
 ParOldGen       total 42496K, used 1440K [0x00000000c3000000, 0x00000000c5980000, 0x00000000ebb00000)
  object space 42496K, 3% used [0x00000000c3000000,0x00000000c31683c0,0x00000000c5980000)
 Metaspace       used 9881K, capacity 10098K, committed 10240K, reserved 1058816K
  class space    used 1377K, capacity 1471K, committed 1536K, reserved 1048576K
Event: 0,996 GC heap after
Heap after GC invocations=3 (full 0):
 PSYoungGen      total 34304K, used 1744K [0x00000000ebb00000, 0x00000000efe00000, 0x0000000100000000)
  eden space 31744K, 0% used [0x00000000ebb00000,0x00000000ebb00000,0x00000000eda00000)
  from space 2560K, 68% used [0x00000000eda00000,0x00000000edbb4040,0x00000000edc80000)
  to   space 2560K, 0% used [0x00000000efb80000,0x00000000efb80000,0x00000000efe00000)
 ParOldGen       total 42496K, used 1440K [0x00000000c3000000, 0x00000000c5980000, 0x00000000ebb00000)
  object space 42496K, 3% used [0x00000000c3000000,0x00000000c31683c0,0x00000000c5980000)
 Metaspace       used 9881K, capacity 10098K, committed 10240K, reserved 1058816K
  class space    used 1377K, capacity 1471K, committed 1536K, reserved 1048576K
}
Event: 1,003 GC heap before
{Heap before GC invocations=4 (full 0):
 PSYoungGen      total 34304K, used 33488K [0x00000000ebb00000, 0x00000000efe00000, 0x0000000100000000)
  eden space 31744K, 100% used [0x00000000ebb00000,0x00000000eda00000,0x00000000eda00000)
  from space 2560K, 68% used [0x00000000eda00000,0x00000000edbb4040,0x00000000edc80000)
  to   space 2560K, 0% used [0x00000000efb80000,0x00000000efb80000,0x00000000efe00000)
 ParOldGen       total 42496K, used 1440K [0x00000000c3000000, 0x00000000c5980000, 0x00000000ebb00000)
  object space 42496K, 3% used [0x00000000c3000000,0x00000000c31683c0,0x00000000c5980000)
 Metaspace       used 9881K, capacity 10098K, committed 10240K, reserved 1058816K
  class space    used 1377K, capacity 1471K, committed 1536K, reserved 1048576K
Event: 1,004 GC heap after
Heap after GC invocations=4 (full 0):
 PSYoungGen      total 66048K, used 1664K [0x00000000ebb00000, 0x00000000efe00000, 0x0000000100000000)
  eden space 63488K, 0% used [0x00000000ebb00000,0x00000000ebb00000,0x00000000ef900000)
  from space 2560K, 65% used [0x00000000efb80000,0x00000000efd20020,0x00000000efe00000)
  to   space 2560K, 0% used [0x00000000ef900000,0x00000000ef900000,0x00000000efb80000)
 ParOldGen       total 42496K, used 1512K [0x00000000c3000000, 0x00000000c5980000, 0x00000000ebb00000)
  object space 42496K, 3% used [0x00000000c3000000,0x00000000c317a3d0,0x00000000c5980000)
 Metaspace       used 9881K, capacity 10098K, committed 10240K, reserved 1058816K
  class space    used 1377K, capacity 1471K, committed 1536K, reserved 1048576K
}
Event: 1,023 GC heap before
{Heap before GC invocations=5 (full 0):
 PSYoungGen      total 66048K, used 65152K [0x00000000ebb00000, 0x00000000efe00000, 0x0000000100000000)
  eden space 63488K, 100% used [0x00000000ebb00000,0x00000000ef900000,0x00000000ef900000)
  from space 2560K, 65% used [0x00000000efb80000,0x00000000efd20020,0x00000000efe00000)
  to   space 2560K, 0% used [0x00000000ef900000,0x00000000ef900000,0x00000000efb80000)
 ParOldGen       total 42496K, used 1512K [0x00000000c3000000, 0x00000000c5980000, 0x00000000ebb00000)
  object space 42496K, 3% used [0x00000000c3000000,0x00000000c317a3d0,0x00000000c5980000)
 Metaspace       used 9881K, capacity 10098K, committed 10240K, reserved 1058816K
  class space    used 1377K, capacity 1471K, committed 1536K, reserved 1048576K

