# JRE version: OpenJDK Runtime Environment (8.0_131-b11) (build 1.8.0_131-8u131-b11-2ubuntu1.16.04.3-b11)
# Java VM: OpenJDK 64-Bit Server VM (25.131-b11 mixed mode linux-amd64 compressed oops)
Heap:
 PSYoungGen      total 207360K, used 4601K [0x00000000ebb00000, 0x00000000f8a00000, 0x0000000100000000)
  eden space 202752K, 0% used [0x00000000ebb00000,0x00000000ebb00000,0x00000000f8100000)
  from space 4608K, 99% used [0x00000000f8100000,0x00000000f857e4b0,0x00000000f8580000)
  to   space 4608K, 0% used [0x00000000f8580000,0x00000000f8580000,0x00000000f8a00000)
 ParOldGen       total 42496K, used 12523K [0x00000000c3000000, 0x00000000c5980000, 0x00000000ebb00000)
  object space 42496K, 29% used [0x00000000c3000000,0x00000000c3c3ade0,0x00000000c5980000)
 Metaspace       used 17876K, capacity 18204K, committed 18304K, reserved 1064960K
  class space    used 2332K, capacity 2424K, committed 2432K, reserved 1048576K
GC Heap History (10 events):
Event: 2,173 GC heap after
Heap after GC invocations=6 (full 0):
 PSYoungGen      total 67584K, used 1664K [0x00000000ebb00000, 0x00000000f0100000, 0x0000000100000000)
  eden space 63488K, 0% used [0x00000000ebb00000,0x00000000ebb00000,0x00000000ef900000)
  from space 4096K, 40% used [0x00000000efd00000,0x00000000efea0020,0x00000000f0100000)
  to   space 4096K, 0% used [0x00000000ef900000,0x00000000ef900000,0x00000000efd00000)
 ParOldGen       total 42496K, used 1313K [0x00000000c3000000, 0x00000000c5980000, 0x00000000ebb00000)
  object space 42496K, 3% used [0x00000000c3000000,0x00000000c31484f8,0x00000000c5980000)
 Metaspace       used 9870K, capacity 10034K, committed 10240K, reserved 1058816K
  class space    used 1376K, capacity 1471K, committed 1536K, reserved 1048576K
}
Event: 2,195 GC heap before
{Heap before GC invocations=7 (full 0):
 PSYoungGen      total 67584K, used 65152K [0x00000000ebb00000, 0x00000000f0100000, 0x0000000100000000)
  eden space 63488K, 100% used [0x00000000ebb00000,0x00000000ef900000,0x00000000ef900000)
  from space 4096K, 40% used [0x00000000efd00000,0x00000000efea0020,0x00000000f0100000)
  to   space 4096K, 0% used [0x00000000ef900000,0x00000000ef900000,0x00000000efd00000)
 ParOldGen       total 42496K, used 1313K [0x00000000c3000000, 0x00000000c5980000, 0x00000000ebb00000)
  object space 42496K, 3% used [0x00000000c3000000,0x00000000c31484f8,0x00000000c5980000)
 Metaspace       used 9870K, capacity 10034K, committed 10240K, reserved 1058816K
  class space    used 1376K, capacity 1471K, committed 1536K, reserved 1048576K
Event: 2,198 GC heap after
Heap after GC invocations=7 (full 0):
 PSYoungGen      total 67584K, used 64K [0x00000000ebb00000, 0x00000000f3f00000, 0x0000000100000000)
  eden space 63488K, 0% used [0x00000000ebb00000,0x00000000ebb00000,0x00000000ef900000)
  from space 4096K, 1% used [0x00000000ef900000,0x00000000ef910000,0x00000000efd00000)
  to   space 4096K, 0% used [0x00000000f3b00000,0x00000000f3b00000,0x00000000f3f00000)
 ParOldGen       total 42496K, used 2905K [0x00000000c3000000, 0x00000000c5980000, 0x00000000ebb00000)
  object space 42496K, 6% used [0x00000000c3000000,0x00000000c32d6710,0x00000000c5980000)
 Metaspace       used 9870K, capacity 10034K, committed 10240K, reserved 1058816K
  class space    used 1376K, capacity 1471K, committed 1536K, reserved 1048576K
}
Event: 2,209 GC heap before
{Heap before GC invocations=8 (full 0):
 PSYoungGen      total 67584K, used 63552K [0x00000000ebb00000, 0x00000000f3f00000, 0x0000000100000000)
  eden space 63488K, 100% used [0x00000000ebb00000,0x00000000ef900000,0x00000000ef900000)
  from space 4096K, 1% used [0x00000000ef900000,0x00000000ef910000,0x00000000efd00000)
  to   space 4096K, 0% used [0x00000000f3b00000,0x00000000f3b00000,0x00000000f3f00000)
 ParOldGen       total 42496K, used 2905K [0x00000000c3000000, 0x00000000c5980000, 0x00000000ebb00000)
  object space 42496K, 6% used [0x00000000c3000000,0x00000000c32d6710,0x00000000c5980000)
 Metaspace       used 9870K, capacity 10034K, committed 10240K, reserved 1058816K
  class space    used 1376K, capacity 1471K, committed 1536K, reserved 1048576K
Event: 2,209 GC heap after
Heap after GC invocations=8 (full 0):
 PSYoungGen      total 130560K, used 52K [0x00000000ebb00000, 0x00000000f4000000, 0x0000000100000000)
  eden space 126464K, 0% used [0x00000000ebb00000,0x00000000ebb00000,0x00000000f3680000)
  from space 4096K, 1% used [0x00000000f3b00000,0x00000000f3b0d2f0,0x00000000f3f00000)
  to   space 4608K, 0% used [0x00000000f3680000,0x00000000f3680000,0x00000000f3b00000)
 ParOldGen       total 42496K, used 2905K [0x00000000c3000000, 0x00000000c5980000, 0x00000000ebb00000)
  object space 42496K, 6% used [0x00000000c3000000,0x00000000c32d6710,0x00000000c5980000)
 Metaspace       used 9870K, capacity 10034K, committed 10240K, reserved 1058816K
  class space    used 1376K, capacity 1471K, committed 1536K, reserved 1048576K
}
Event: 2,272 GC heap before
{Heap before GC invocations=9 (full 0):
 PSYoungGen      total 130560K, used 126516K [0x00000000ebb00000, 0x00000000f4000000, 0x0000000100000000)
  eden space 126464K, 100% used [0x00000000ebb00000,0x00000000f3680000,0x00000000f3680000)
  from space 4096K, 1% used [0x00000000f3b00000,0x00000000f3b0d2f0,0x00000000f3f00000)
  to   space 4608K, 0% used [0x00000000f3680000,0x00000000f3680000,0x00000000f3b00000)
 ParOldGen       total 42496K, used 2905K [0x00000000c3000000, 0x00000000c5980000, 0x00000000ebb00000)
  object space 42496K, 6% used [0x00000000c3000000,0x00000000c32d6710,0x00000000c5980000)
 Metaspace       used 9870K, capacity 10034K, committed 10240K, reserved 1058816K
  class space    used 1376K, capacity 1471K, committed 1536K, reserved 1048576K
Event: 2,276 GC heap after
Heap after GC invocations=9 (full 0):
 PSYoungGen      total 131072K, used 57K [0x00000000ebb00000, 0x00000000f8a00000, 0x0000000100000000)
  eden space 126464K, 0% used [0x00000000ebb00000,0x00000000ebb00000,0x00000000f3680000)
  from space 4608K, 1% used [0x00000000f3680000,0x00000000f368e7f8,0x00000000f3b00000)
  to   space 4608K, 0% used [0x00000000f8580000,0x00000000f8580000,0x00000000f8a00000)
 ParOldGen       total 42496K, used 2913K [0x00000000c3000000, 0x00000000c5980000, 0x00000000ebb00000)
  object space 42496K, 6% used [0x00000000c3000000,0x00000000c32d8710,0x00000000c5980000)
 Metaspace       used 9870K, capacity 10034K, committed 10240K, reserved 1058816K
  class space    used 1376K, capacity 1471K, committed 1536K, reserved 1048576K
}
Event: 2,304 GC heap before
{Heap before GC invocations=10 (full 0):
 PSYoungGen      total 131072K, used 126521K [0x00000000ebb00000, 0x00000000f8a00000, 0x0000000100000000)
  eden space 126464K, 100% used [0x00000000ebb00000,0x00000000f3680000,0x00000000f3680000)
  from space 4608K, 1% used [0x00000000f3680000,0x00000000f368e7f8,0x00000000f3b00000)
  to   space 4608K, 0% used [0x00000000f8580000,0x00000000f8580000,0x00000000f8a00000)
 ParOldGen       total 42496K, used 2913K [0x00000000c3000000, 0x00000000c5980000, 0x00000000ebb00000)
  object space 42496K, 6% used [0x00000000c3000000,0x00000000c32d8710,0x00000000c5980000)
 Metaspace       used 9870K, capacity 10034K, committed 10240K, reserved 1058816K
  class space    used 1376K, capacity 1471K, committed 1536K, reserved 1048576K
Event: 2,307 GC heap after
Heap after GC invocations=10 (full 0):
 PSYoungGen      total 207360K, used 32K [0x00000000ebb00000, 0x00000000f8a00000, 0x0000000100000000)
  eden space 202752K, 0% used [0x00000000ebb00000,0x00000000ebb00000,0x00000000f8100000)
  from space 4608K, 0% used [0x00000000f8580000,0x00000000f8588000,0x00000000f8a00000)
  to   space 4608K, 0% used [0x00000000f8100000,0x00000000f8100000,0x00000000f8580000)
 ParOldGen       total 42496K, used 2913K [0x00000000c3000000, 0x00000000c5980000, 0x00000000ebb00000)
  object space 42496K, 6% used [0x00000000c3000000,0x00000000c32d8710,0x00000000c5980000)
 Metaspace       used 9870K, capacity 10034K, committed 10240K, reserved 1058816K
  class space    used 1376K, capacity 1471K, committed 1536K, reserved 1048576K
}
Event: 4,633 GC heap before
{Heap before GC invocations=11 (full 0):
 PSYoungGen      total 207360K, used 202784K [0x00000000ebb00000, 0x00000000f8a00000, 0x0000000100000000)
  eden space 202752K, 100% used [0x00000000ebb00000,0x00000000f8100000,0x00000000f8100000)
  from space 4608K, 0% used [0x00000000f8580000,0x00000000f8588000,0x00000000f8a00000)
  to   space 4608K, 0% used [0x00000000f8100000,0x00000000f8100000,0x00000000f8580000)
 ParOldGen       total 42496K, used 2913K [0x00000000c3000000, 0x00000000c5980000, 0x00000000ebb00000)
  object space 42496K, 6% used [0x00000000c3000000,0x00000000c32d8710,0x00000000c5980000)
 Metaspace       used 17876K, capacity 18204K, committed 18304K, reserved 1064960K
  class space    used 2332K, capacity 2424K, committed 2432K, reserved 1048576K

