# JRE version: OpenJDK Runtime Environment (8.0_131-b11) (build 1.8.0_131-8u131-b11-2ubuntu1.16.04.3-b11)
# Java VM: OpenJDK 64-Bit Server VM (25.131-b11 mixed mode linux-amd64 compressed oops)
Heap:
 PSYoungGen      total 34304K, used 2553K [0x00000000ebb00000, 0x00000000edf00000, 0x0000000100000000)
  eden space 31744K, 0% used [0x00000000ebb00000,0x00000000ebb00000,0x00000000eda00000)
  from space 2560K, 99% used [0x00000000eda00000,0x00000000edc7e5b0,0x00000000edc80000)
  to   space 2560K, 0% used [0x00000000edc80000,0x00000000edc80000,0x00000000edf00000)
 ParOldGen       total 42496K, used 1885K [0x00000000c3000000, 0x00000000c5980000, 0x00000000ebb00000)
  object space 42496K, 4% used [0x00000000c3000000,0x00000000c31d7638,0x00000000c5980000)
 Metaspace       used 12998K, capacity 13246K, committed 13568K, reserved 1060864K
  class space    used 1613K, capacity 1685K, committed 1792K, reserved 1048576K
GC Heap History (5 events):
Event: 1,432 GC heap before
{Heap before GC invocations=1 (full 0):
 PSYoungGen      total 18432K, used 15872K [0x00000000ebb00000, 0x00000000ecf80000, 0x0000000100000000)
  eden space 15872K, 100% used [0x00000000ebb00000,0x00000000eca80000,0x00000000eca80000)
  from space 2560K, 0% used [0x00000000ecd00000,0x00000000ecd00000,0x00000000ecf80000)
  to   space 2560K, 0% used [0x00000000eca80000,0x00000000eca80000,0x00000000ecd00000)
 ParOldGen       total 42496K, used 0K [0x00000000c3000000, 0x00000000c5980000, 0x00000000ebb00000)
  object space 42496K, 0% used [0x00000000c3000000,0x00000000c3000000,0x00000000c5980000)
 Metaspace       used 5874K, capacity 6038K, committed 6144K, reserved 1056768K
  class space    used 685K, capacity 693K, committed 768K, reserved 1048576K
Event: 1,642 GC heap after
Heap after GC invocations=1 (full 0):
 PSYoungGen      total 18432K, used 2284K [0x00000000ebb00000, 0x00000000edf00000, 0x0000000100000000)
  eden space 15872K, 0% used [0x00000000ebb00000,0x00000000ebb00000,0x00000000eca80000)
  from space 2560K, 89% used [0x00000000eca80000,0x00000000eccbb140,0x00000000ecd00000)
  to   space 2560K, 0% used [0x00000000edc80000,0x00000000edc80000,0x00000000edf00000)
 ParOldGen       total 42496K, used 8K [0x00000000c3000000, 0x00000000c5980000, 0x00000000ebb00000)
  object space 42496K, 0% used [0x00000000c3000000,0x00000000c3002000,0x00000000c5980000)
 Metaspace       used 5874K, capacity 6038K, committed 6144K, reserved 1056768K
  class space    used 685K, capacity 693K, committed 768K, reserved 1048576K
}
Event: 1,907 GC heap before
{Heap before GC invocations=2 (full 0):
 PSYoungGen      total 18432K, used 18156K [0x00000000ebb00000, 0x00000000edf00000, 0x0000000100000000)
  eden space 15872K, 100% used [0x00000000ebb00000,0x00000000eca80000,0x00000000eca80000)
  from space 2560K, 89% used [0x00000000eca80000,0x00000000eccbb140,0x00000000ecd00000)
  to   space 2560K, 0% used [0x00000000edc80000,0x00000000edc80000,0x00000000edf00000)
 ParOldGen       total 42496K, used 8K [0x00000000c3000000, 0x00000000c5980000, 0x00000000ebb00000)
  object space 42496K, 0% used [0x00000000c3000000,0x00000000c3002000,0x00000000c5980000)
 Metaspace       used 9315K, capacity 9436K, committed 9600K, reserved 1058816K
  class space    used 1054K, capacity 1078K, committed 1152K, reserved 1048576K
Event: 1,910 GC heap after
Heap after GC invocations=2 (full 0):
 PSYoungGen      total 34304K, used 1938K [0x00000000ebb00000, 0x00000000edf00000, 0x0000000100000000)
  eden space 31744K, 0% used [0x00000000ebb00000,0x00000000ebb00000,0x00000000eda00000)
  from space 2560K, 75% used [0x00000000edc80000,0x00000000ede64918,0x00000000edf00000)
  to   space 2560K, 0% used [0x00000000eda00000,0x00000000eda00000,0x00000000edc80000)
 ParOldGen       total 42496K, used 80K [0x00000000c3000000, 0x00000000c5980000, 0x00000000ebb00000)
  object space 42496K, 0% used [0x00000000c3000000,0x00000000c3014010,0x00000000c5980000)
 Metaspace       used 9315K, capacity 9436K, committed 9600K, reserved 1058816K
  class space    used 1054K, capacity 1078K, committed 1152K, reserved 1048576K
}
Event: 2,340 GC heap before
{Heap before GC invocations=3 (full 0):
 PSYoungGen      total 34304K, used 33682K [0x00000000ebb00000, 0x00000000edf00000, 0x0000000100000000)
  eden space 31744K, 100% used [0x00000000ebb00000,0x00000000eda00000,0x00000000eda00000)
  from space 2560K, 75% used [0x00000000edc80000,0x00000000ede64918,0x00000000edf00000)
  to   space 2560K, 0% used [0x00000000eda00000,0x00000000eda00000,0x00000000edc80000)
 ParOldGen       total 42496K, used 80K [0x00000000c3000000, 0x00000000c5980000, 0x00000000ebb00000)
  object space 42496K, 0% used [0x00000000c3000000,0x00000000c3014010,0x00000000c5980000)
 Metaspace       used 12998K, capacity 13246K, committed 13568K, reserved 1060864K
  class space    used 1613K, capacity 1685K, committed 1792K, reserved 1048576K

